TN:
SF:/Users/frankshen/lighthouse/Scheduler-API/scheduler/src/components/Application.js
FN:14,Application
FN:26,(anonymous_1)
FNF:2
FNH:2
FNDA:5,Application
FNDA:6,(anonymous_1)
DA:21,5
DA:23,5
DA:25,5
DA:27,6
DA:40,5
LF:5
LH:5
BRF:0
BRH:0
end_of_record
TN:
SF:/Users/frankshen/lighthouse/Scheduler-API/scheduler/src/components/Button.js
FN:7,Button
FNF:1
FNH:1
FNDA:30,Button
DA:8,30
DA:13,30
LF:2
LH:2
BRF:0
BRH:0
end_of_record
TN:
SF:/Users/frankshen/lighthouse/Scheduler-API/scheduler/src/components/DayList.js
FN:5,DayList
FN:6,(anonymous_1)
FNF:2
FNH:2
FNDA:5,DayList
FNDA:6,(anonymous_1)
DA:6,5
DA:7,6
DA:18,5
LF:3
LH:3
BRF:0
BRH:0
end_of_record
TN:
SF:/Users/frankshen/lighthouse/Scheduler-API/scheduler/src/components/DayListItem.js
FN:6,formatSpots
FN:13,DayListItem
FN:22,(anonymous_2)
FNF:3
FNH:2
FNDA:6,formatSpots
FNDA:6,DayListItem
FNDA:0,(anonymous_2)
DA:7,6
DA:8,5
DA:10,0
DA:14,6
DA:19,6
DA:22,0
LF:6
LH:4
BRDA:7,0,0,1
BRDA:7,0,1,5
BRDA:8,1,0,5
BRDA:8,1,1,0
BRF:4
BRH:3
end_of_record
TN:
SF:/Users/frankshen/lighthouse/Scheduler-API/scheduler/src/components/InterviewerList.js
FN:8,InterviewerList
FN:9,(anonymous_1)
FN:17,(anonymous_2)
FNF:3
FNH:3
FNDA:15,InterviewerList
FNDA:18,(anonymous_1)
FNDA:1,(anonymous_2)
DA:9,15
DA:10,18
DA:17,1
DA:22,15
DA:30,2
LF:5
LH:5
BRF:0
BRH:0
end_of_record
TN:
SF:/Users/frankshen/lighthouse/Scheduler-API/scheduler/src/components/InterviewerListItem.js
FN:6,InterviewerItem
FNF:1
FNH:1
FNDA:18,InterviewerItem
DA:7,18
DA:11,18
LF:2
LH:2
BRDA:18,0,0,18
BRDA:18,0,1,5
BRF:2
BRH:2
end_of_record
TN:
SF:/Users/frankshen/lighthouse/Scheduler-API/scheduler/src/components/Appointment/Confirm.js
FN:5,Confirm
FNF:1
FNH:0
FNDA:0,Confirm
DA:6,0
LF:1
LH:0
BRF:0
BRH:0
end_of_record
TN:
SF:/Users/frankshen/lighthouse/Scheduler-API/scheduler/src/components/Appointment/Empty.js
FN:3,Empty
FNF:1
FNH:1
FNDA:7,Empty
DA:4,7
LF:1
LH:1
BRF:0
BRH:0
end_of_record
TN:
SF:/Users/frankshen/lighthouse/Scheduler-API/scheduler/src/components/Appointment/Error.js
FN:3,Error
FNF:1
FNH:0
FNDA:0,Error
DA:4,0
LF:1
LH:0
BRF:0
BRH:0
end_of_record
TN:
SF:/Users/frankshen/lighthouse/Scheduler-API/scheduler/src/components/Appointment/Form.js
FN:6,Form
FN:11,reset
FN:17,cancel
FN:22,validate
FN:41,(anonymous_4)
FN:48,(anonymous_5)
FNF:6
FNH:5
FNDA:15,Form
FNDA:1,reset
FNDA:1,cancel
FNDA:5,validate
FNDA:0,(anonymous_4)
FNDA:3,(anonymous_5)
DA:7,15
DA:8,15
DA:9,15
DA:12,1
DA:13,1
DA:14,1
DA:18,1
DA:19,1
DA:23,5
DA:24,2
DA:25,2
DA:27,3
DA:28,1
DA:29,1
DA:32,2
DA:33,2
DA:38,15
DA:41,0
DA:49,3
LF:19
LH:18
BRDA:7,0,0,15
BRDA:7,0,1,10
BRDA:8,1,0,15
BRDA:8,1,1,11
BRDA:23,2,0,2
BRDA:23,2,1,3
BRDA:27,3,0,1
BRDA:27,3,1,2
BRF:8
BRH:8
end_of_record
TN:
SF:/Users/frankshen/lighthouse/Scheduler-API/scheduler/src/components/Appointment/Header.js
FN:3,Header
FNF:1
FNH:1
FNDA:15,Header
DA:4,15
LF:1
LH:1
BRF:0
BRH:0
end_of_record
TN:
SF:/Users/frankshen/lighthouse/Scheduler-API/scheduler/src/components/Appointment/Show.js
FN:3,Show
FNF:1
FNH:1
FNDA:4,Show
DA:4,4
LF:1
LH:1
BRDA:11,0,0,4
BRDA:11,0,1,4
BRF:2
BRH:2
end_of_record
TN:
SF:/Users/frankshen/lighthouse/Scheduler-API/scheduler/src/components/Appointment/Status.js
FN:3,Status
FNF:1
FNH:1
FNDA:3,Status
DA:4,3
LF:1
LH:1
BRF:0
BRH:0
end_of_record
TN:
SF:/Users/frankshen/lighthouse/Scheduler-API/scheduler/src/components/Appointment/index.js
FN:24,Appointment
FN:29,(anonymous_1)
FN:33,save
FN:43,(anonymous_3)
FN:44,(anonymous_4)
FN:47,destroy
FN:51,(anonymous_6)
FN:52,(anonymous_7)
FN:63,(anonymous_8)
FN:64,(anonymous_9)
FNF:10
FNH:4
FNDA:15,Appointment
FNDA:1,(anonymous_1)
FNDA:1,save
FNDA:1,(anonymous_3)
FNDA:0,(anonymous_4)
FNDA:0,destroy
FNDA:0,(anonymous_6)
FNDA:0,(anonymous_7)
FNDA:0,(anonymous_8)
FNDA:0,(anonymous_9)
DA:14,1
DA:15,1
DA:16,1
DA:17,1
DA:18,1
DA:19,1
DA:20,1
DA:21,1
DA:22,1
DA:25,15
DA:29,15
DA:30,1
DA:34,1
DA:39,1
DA:41,1
DA:43,1
DA:44,0
DA:48,0
DA:49,0
DA:51,0
DA:52,0
DA:55,15
DA:63,0
DA:64,0
LF:24
LH:17
BRDA:26,0,0,6
BRDA:26,0,1,9
BRDA:58,1,0,15
BRDA:58,1,1,7
BRDA:59,2,0,15
BRDA:59,2,1,4
BRDA:67,3,0,15
BRDA:67,3,1,1
BRDA:71,4,0,15
BRDA:71,4,1,0
BRDA:81,5,0,15
BRDA:81,5,1,3
BRDA:82,6,0,15
BRDA:82,6,1,0
BRDA:83,7,0,15
BRDA:83,7,1,0
BRDA:90,8,0,15
BRDA:90,8,1,0
BRDA:93,9,0,15
BRDA:93,9,1,0
BRF:20
BRH:15
end_of_record
TN:
SF:/Users/frankshen/lighthouse/Scheduler-API/scheduler/src/helpers/selectors.js
FN:1,getAppointmentsForDay
FN:2,(anonymous_1)
FN:6,(anonymous_2)
FN:9,getInterviewersForDay
FN:10,(anonymous_4)
FN:14,(anonymous_5)
FN:17,getInterview
FNF:7
FNH:7
FNDA:10,getAppointmentsForDay
FNDA:9,(anonymous_1)
FNDA:14,(anonymous_2)
FNDA:10,getInterviewersForDay
FNDA:9,(anonymous_4)
FNDA:12,(anonymous_5)
FNDA:8,getInterview
DA:2,10
DA:4,10
DA:6,14
DA:10,10
DA:12,10
DA:14,12
DA:18,8
LF:7
LH:7
BRDA:4,0,0,4
BRDA:4,0,1,6
BRDA:4,1,0,10
BRDA:4,1,1,7
BRDA:12,2,0,4
BRDA:12,2,1,6
BRDA:12,3,0,10
BRDA:12,3,1,7
BRDA:19,4,0,8
BRDA:19,4,1,5
BRF:10
BRH:10
end_of_record
TN:
SF:/Users/frankshen/lighthouse/Scheduler-API/scheduler/src/hooks/useApplicationData.js
FN:13,useApplicationData
FN:22,(anonymous_1)
FN:24,(anonymous_2)
FN:30,(anonymous_3)
FN:42,bookInterview
FN:43,(anonymous_5)
FN:52,cancelInterview
FN:53,(anonymous_7)
FNF:8
FNH:5
FNDA:5,useApplicationData
FNDA:0,(anonymous_1)
FNDA:2,(anonymous_2)
FNDA:2,(anonymous_3)
FNDA:1,bookInterview
FNDA:1,(anonymous_5)
FNDA:0,cancelInterview
FNDA:0,(anonymous_7)
DA:15,5
DA:22,5
DA:24,5
DA:25,2
DA:31,2
DA:40,5
DA:43,1
DA:44,1
DA:53,0
DA:54,0
DA:62,5
LF:11
LH:9
BRF:0
BRH:0
end_of_record
TN:
SF:/Users/frankshen/lighthouse/Scheduler-API/scheduler/src/hooks/useRealtimeUpdate.js
FN:4,useRealtimeUpdate
FN:5,(anonymous_1)
FN:7,(anonymous_2)
FN:15,(anonymous_3)
FNF:4
FNH:3
FNDA:5,useRealtimeUpdate
FNDA:2,(anonymous_1)
FNDA:0,(anonymous_2)
FNDA:2,(anonymous_3)
DA:5,5
DA:6,2
DA:7,2
DA:8,0
DA:10,0
DA:11,0
DA:15,2
DA:16,2
LF:8
LH:5
BRDA:10,0,0,0
BRDA:10,0,1,0
BRDA:10,1,0,0
BRDA:10,1,1,0
BRF:4
BRH:0
end_of_record
TN:
SF:/Users/frankshen/lighthouse/Scheduler-API/scheduler/src/hooks/useVisualMode.js
FN:3,useVisualMode
FN:6,transition
FN:8,(anonymous_2)
FN:10,back
FN:11,(anonymous_4)
FNF:5
FNH:5
FNDA:23,useVisualMode
FNDA:6,transition
FNDA:6,(anonymous_2)
FNDA:2,back
FNDA:2,(anonymous_4)
DA:4,23
DA:5,23
DA:7,6
DA:8,6
DA:11,2
DA:12,2
DA:14,23
LF:7
LH:7
BRF:0
BRH:0
end_of_record
TN:
SF:/Users/frankshen/lighthouse/Scheduler-API/scheduler/src/reducers/application.js
FN:5,reducer
FN:27,(anonymous_1)
FN:30,(anonymous_2)
FN:34,(anonymous_3)
FNF:4
FNH:4
FNDA:4,reducer
FNDA:1,(anonymous_1)
FNDA:2,(anonymous_2)
FNDA:2,(anonymous_3)
DA:1,2
DA:2,2
DA:3,2
DA:6,4
DA:8,0
DA:10,2
DA:17,1
DA:22,1
DA:27,1
DA:28,1
DA:30,2
DA:34,1
DA:35,2
DA:43,1
DA:50,1
LF:15
LH:14
BRDA:6,0,0,0
BRDA:6,0,1,2
BRDA:6,0,2,1
BRDA:6,0,3,1
BRDA:19,1,0,1
BRDA:19,1,1,1
BRDA:30,2,0,2
BRDA:30,2,1,0
BRDA:35,3,0,1
BRDA:35,3,1,1
BRF:10
BRH:8
end_of_record
